# JRE version: Java(TM) SE Runtime Environment (21.0.8+12) (build 21.0.8+12-LTS-250)
# Java VM: Java HotSpot(TM) 64-Bit Server VM (21.0.8+12-LTS-250, mixed mode, sharing, tiered, compressed oops, compressed class ptrs, g1 gc, windows-amd64)
GC Precious Log:
 CardTable entry size: 512
 Card Set container configuration: InlinePtr #cards 5 size 8 Array Of Cards #cards 12 size 40 Howl #buckets 4 coarsen threshold 1843 Howl Bitmap #cards 512 size 80 coarsen threshold 460 Card regions per heap region 1 cards per card region 2048
 CPUs: 12 total, 12 available
 Memory: 5996M
 Large Page Support: Disabled
 NUMA Support: Disabled
 Compressed Oops: Enabled (32-bit)
 Heap Region Size: 1M
 Heap Min Capacity: 8M
 Heap Initial Capacity: 94M
 Heap Max Capacity: 2G
 Pre-touch: Disabled
 Parallel Workers: 10
 Concurrent Workers: 3
 Concurrent Refinement Workers: 10
 Periodic GC: Disabled
Heap:
 garbage-first heap   total 228352K, used 182910K [0x0000000080000000, 0x0000000100000000)
  region size 1024K, 35 young (35840K), 9 survivors (9216K)
 Metaspace       used 139661K, committed 142336K, reserved 1179648K
  class space    used 18017K, committed 19328K, reserved 1048576K
GC Heap History (20 events):
Event: 23.899 GC heap before
{Heap before GC invocations=33 (full 0):
 garbage-first heap   total 184320K, used 156542K [0x0000000080000000, 0x0000000100000000)
  region size 1024K, 69 young (70656K), 10 survivors (10240K)
 Metaspace       used 118521K, committed 120896K, reserved 1179648K
  class space    used 15399K, committed 16576K, reserved 1048576K
}
Event: 23.909 GC heap after
{Heap after GC invocations=34 (full 0):
 garbage-first heap   total 184320K, used 98646K [0x0000000080000000, 0x0000000100000000)
  region size 1024K, 4 young (4096K), 4 survivors (4096K)
 Metaspace       used 118521K, committed 120896K, reserved 1179648K
  class space    used 15399K, committed 16576K, reserved 1048576K
}
Event: 24.285 GC heap before
{Heap before GC invocations=34 (full 0):
 garbage-first heap   total 184320K, used 166230K [0x0000000080000000, 0x0000000100000000)
  region size 1024K, 71 young (72704K), 4 survivors (4096K)
 Metaspace       used 118536K, committed 120960K, reserved 1179648K
  class space    used 15399K, committed 16576K, reserved 1048576K
}
Event: 24.291 GC heap after
{Heap after GC invocations=35 (full 0):
 garbage-first heap   total 184320K, used 99092K [0x0000000080000000, 0x0000000100000000)
  region size 1024K, 5 young (5120K), 5 survivors (5120K)
 Metaspace       used 118536K, committed 120960K, reserved 1179648K
  class space    used 15399K, committed 16576K, reserved 1048576K
}
Event: 24.443 GC heap before
{Heap before GC invocations=35 (full 0):
 garbage-first heap   total 184320K, used 122644K [0x0000000080000000, 0x0000000100000000)
  region size 1024K, 30 young (30720K), 5 survivors (5120K)
 Metaspace       used 118601K, committed 120960K, reserved 1179648K
  class space    used 15405K, committed 16576K, reserved 1048576K
}
Event: 24.449 GC heap after
{Heap after GC invocations=36 (full 0):
 garbage-first heap   total 221184K, used 99852K [0x0000000080000000, 0x0000000100000000)
  region size 1024K, 6 young (6144K), 6 survivors (6144K)
 Metaspace       used 118601K, committed 120960K, reserved 1179648K
  class space    used 15405K, committed 16576K, reserved 1048576K
}
Event: 24.470 GC heap before
{Heap before GC invocations=36 (full 0):
 garbage-first heap   total 221184K, used 100876K [0x0000000080000000, 0x0000000100000000)
  region size 1024K, 7 young (7168K), 6 survivors (6144K)
 Metaspace       used 118601K, committed 120960K, reserved 1179648K
  class space    used 15405K, committed 16576K, reserved 1048576K
}
Event: 24.475 GC heap after
{Heap after GC invocations=37 (full 0):
 garbage-first heap   total 221184K, used 101120K [0x0000000080000000, 0x0000000100000000)
  region size 1024K, 6 young (6144K), 6 survivors (6144K)
 Metaspace       used 118601K, committed 120960K, reserved 1179648K
  class space    used 15405K, committed 16576K, reserved 1048576K
}
Event: 27.041 GC heap before
{Heap before GC invocations=38 (full 0):
 garbage-first heap   total 221184K, used 209664K [0x0000000080000000, 0x0000000100000000)
  region size 1024K, 102 young (104448K), 6 survivors (6144K)
 Metaspace       used 126926K, committed 129536K, reserved 1179648K
  class space    used 16392K, committed 17664K, reserved 1048576K
}
Event: 27.053 GC heap after
{Heap after GC invocations=39 (full 0):
 garbage-first heap   total 226304K, used 119866K [0x0000000080000000, 0x0000000100000000)
  region size 1024K, 13 young (13312K), 13 survivors (13312K)
 Metaspace       used 126926K, committed 129536K, reserved 1179648K
  class space    used 16392K, committed 17664K, reserved 1048576K
}
Event: 28.232 GC heap before
{Heap before GC invocations=39 (full 0):
 garbage-first heap   total 226304K, used 203834K [0x0000000080000000, 0x0000000100000000)
  region size 1024K, 91 young (93184K), 13 survivors (13312K)
 Metaspace       used 132169K, committed 134720K, reserved 1179648K
  class space    used 17039K, committed 18304K, reserved 1048576K
}
Event: 28.251 GC heap after
{Heap after GC invocations=40 (full 0):
 garbage-first heap   total 226304K, used 123679K [0x0000000080000000, 0x0000000100000000)
  region size 1024K, 7 young (7168K), 7 survivors (7168K)
 Metaspace       used 132169K, committed 134720K, reserved 1179648K
  class space    used 17039K, committed 18304K, reserved 1048576K
}
Event: 28.349 GC heap before
{Heap before GC invocations=40 (full 0):
 garbage-first heap   total 226304K, used 126751K [0x0000000080000000, 0x0000000100000000)
  region size 1024K, 11 young (11264K), 7 survivors (7168K)
 Metaspace       used 132411K, committed 134976K, reserved 1179648K
  class space    used 17089K, committed 18368K, reserved 1048576K
}
Event: 28.358 GC heap after
{Heap after GC invocations=41 (full 0):
 garbage-first heap   total 226304K, used 124948K [0x0000000080000000, 0x0000000100000000)
  region size 1024K, 2 young (2048K), 2 survivors (2048K)
 Metaspace       used 132411K, committed 134976K, reserved 1179648K
  class space    used 17089K, committed 18368K, reserved 1048576K
}
Event: 30.996 GC heap before
{Heap before GC invocations=42 (full 0):
 garbage-first heap   total 226304K, used 214036K [0x0000000080000000, 0x0000000100000000)
  region size 1024K, 84 young (86016K), 2 survivors (2048K)
 Metaspace       used 138857K, committed 141504K, reserved 1179648K
  class space    used 17956K, committed 19264K, reserved 1048576K
}
Event: 31.010 GC heap after
{Heap after GC invocations=43 (full 0):
 garbage-first heap   total 226304K, used 132914K [0x0000000080000000, 0x0000000100000000)
  region size 1024K, 5 young (5120K), 5 survivors (5120K)
 Metaspace       used 138857K, committed 141504K, reserved 1179648K
  class space    used 17956K, committed 19264K, reserved 1048576K
}
Event: 32.343 GC heap before
{Heap before GC invocations=43 (full 0):
 garbage-first heap   total 226304K, used 207666K [0x0000000080000000, 0x0000000100000000)
  region size 1024K, 78 young (79872K), 5 survivors (5120K)
 Metaspace       used 139348K, committed 142016K, reserved 1179648K
  class space    used 18004K, committed 19328K, reserved 1048576K
}
Event: 32.402 GC heap after
{Heap after GC invocations=44 (full 0):
 garbage-first heap   total 228352K, used 143207K [0x0000000080000000, 0x0000000100000000)
  region size 1024K, 10 young (10240K), 10 survivors (10240K)
 Metaspace       used 139348K, committed 142016K, reserved 1179648K
  class space    used 18004K, committed 19328K, reserved 1048576K
}
Event: 33.480 GC heap before
{Heap before GC invocations=44 (full 0):
 garbage-first heap   total 228352K, used 190311K [0x0000000080000000, 0x0000000100000000)
  region size 1024K, 57 young (58368K), 10 survivors (10240K)
 Metaspace       used 139591K, committed 142272K, reserved 1179648K
  class space    used 18012K, committed 19328K, reserved 1048576K
}
Event: 33.527 GC heap after
{Heap after GC invocations=45 (full 0):
 garbage-first heap   total 228352K, used 156286K [0x0000000080000000, 0x0000000100000000)
  region size 1024K, 9 young (9216K), 9 survivors (9216K)
 Metaspace       used 139591K, committed 142272K, reserved 1179648K
  class space    used 18012K, committed 19328K, reserved 1048576K
}

