# JRE version: OpenJDK Runtime Environment Temurin-21.0.9+10 (21.0.9+10) (build 21.0.9+10-LTS)
# Java VM: OpenJDK 64-Bit Server VM Temurin-21.0.9+10 (21.0.9+10-LTS, mixed mode, sharing, tiered, compressed oops, compressed class ptrs, parallel gc, windows-amd64)
GC Precious Log:
 CardTable entry size: 512
 CPUs: 12 total, 12 available
 Memory: 5996M
 Large Page Support: Disabled
 NUMA Support: Disabled
 Compressed Oops: Enabled (32-bit)
 Alignments: Space 512K, Generation 512K, Heap 2M
 Heap Min Capacity: 100M
 Heap Initial Capacity: 100M
 Heap Max Capacity: 2G
 Pre-touch: Disabled
 Parallel Workers: 10
Heap:
 PSYoungGen      total 12800K, used 6946K [0x00000000d5580000, 0x00000000d6700000, 0x0000000100000000)
  eden space 12288K, 53% used [0x00000000d5580000,0x00000000d5bf8bf8,0x00000000d6180000)
  from space 512K, 62% used [0x00000000d6680000,0x00000000d66d0000,0x00000000d6700000)
  to   space 512K, 0% used [0x00000000d6600000,0x00000000d6600000,0x00000000d6680000)
 ParOldGen       total 69120K, used 69070K [0x0000000080000000, 0x0000000084380000, 0x00000000d5580000)
  object space 69120K, 99% used [0x0000000080000000,0x0000000084373b30,0x0000000084380000)
 Metaspace       used 76333K, committed 77952K, reserved 1179648K
  class space    used 9448K, committed 10112K, reserved 1048576K
GC Heap History (20 events):
Event: 69.008 GC heap before
{Heap before GC invocations=82 (full 3):
 PSYoungGen      total 12800K, used 12688K [0x00000000d5580000, 0x00000000d6380000, 0x0000000100000000)
  eden space 12288K, 100% used [0x00000000d5580000,0x00000000d6180000,0x00000000d6180000)
  from space 512K, 78% used [0x00000000d6300000,0x00000000d6364010,0x00000000d6380000)
  to   space 1024K, 0% used [0x00000000d6180000,0x00000000d6180000,0x00000000d6280000)
 ParOldGen       total 68608K, used 63687K [0x0000000080000000, 0x0000000084300000, 0x00000000d5580000)
  object space 68608K, 92% used [0x0000000080000000,0x0000000083e31fc0,0x0000000084300000)
 Metaspace       used 71597K, committed 73152K, reserved 1114112K
  class space    used 8966K, committed 9664K, reserved 1048576K
}
Event: 69.009 GC heap after
{Heap after GC invocations=82 (full 3):
 PSYoungGen      total 13312K, used 160K [0x00000000d5580000, 0x00000000d6380000, 0x0000000100000000)
  eden space 12288K, 0% used [0x00000000d5580000,0x00000000d5580000,0x00000000d6180000)
  from space 1024K, 15% used [0x00000000d6180000,0x00000000d61a8000,0x00000000d6280000)
  to   space 512K, 0% used [0x00000000d6300000,0x00000000d6300000,0x00000000d6380000)
 ParOldGen       total 68608K, used 63888K [0x0000000080000000, 0x0000000084300000, 0x00000000d5580000)
  object space 68608K, 93% used [0x0000000080000000,0x0000000083e64030,0x0000000084300000)
 Metaspace       used 71597K, committed 73152K, reserved 1114112K
  class space    used 8966K, committed 9664K, reserved 1048576K
}
Event: 69.059 GC heap before
{Heap before GC invocations=83 (full 3):
 PSYoungGen      total 13312K, used 12448K [0x00000000d5580000, 0x00000000d6380000, 0x0000000100000000)
  eden space 12288K, 100% used [0x00000000d5580000,0x00000000d6180000,0x00000000d6180000)
  from space 1024K, 15% used [0x00000000d6180000,0x00000000d61a8000,0x00000000d6280000)
  to   space 512K, 0% used [0x00000000d6300000,0x00000000d6300000,0x00000000d6380000)
 ParOldGen       total 68608K, used 63888K [0x0000000080000000, 0x0000000084300000, 0x00000000d5580000)
  object space 68608K, 93% used [0x0000000080000000,0x0000000083e64030,0x0000000084300000)
 Metaspace       used 71597K, committed 73152K, reserved 1114112K
  class space    used 8966K, committed 9664K, reserved 1048576K
}
Event: 69.061 GC heap after
{Heap after GC invocations=83 (full 3):
 PSYoungGen      total 12800K, used 128K [0x00000000d5580000, 0x00000000d6380000, 0x0000000100000000)
  eden space 12288K, 0% used [0x00000000d5580000,0x00000000d5580000,0x00000000d6180000)
  from space 512K, 25% used [0x00000000d6300000,0x00000000d6320000,0x00000000d6380000)
  to   space 512K, 0% used [0x00000000d6280000,0x00000000d6280000,0x00000000d6300000)
 ParOldGen       total 68608K, used 63912K [0x0000000080000000, 0x0000000084300000, 0x00000000d5580000)
  object space 68608K, 93% used [0x0000000080000000,0x0000000083e6a030,0x0000000084300000)
 Metaspace       used 71597K, committed 73152K, reserved 1114112K
  class space    used 8966K, committed 9664K, reserved 1048576K
}
Event: 69.643 GC heap before
{Heap before GC invocations=84 (full 3):
 PSYoungGen      total 12800K, used 12416K [0x00000000d5580000, 0x00000000d6380000, 0x0000000100000000)
  eden space 12288K, 100% used [0x00000000d5580000,0x00000000d6180000,0x00000000d6180000)
  from space 512K, 25% used [0x00000000d6300000,0x00000000d6320000,0x00000000d6380000)
  to   space 512K, 0% used [0x00000000d6280000,0x00000000d6280000,0x00000000d6300000)
 ParOldGen       total 68608K, used 63912K [0x0000000080000000, 0x0000000084300000, 0x00000000d5580000)
  object space 68608K, 93% used [0x0000000080000000,0x0000000083e6a030,0x0000000084300000)
 Metaspace       used 71617K, committed 73152K, reserved 1114112K
  class space    used 8968K, committed 9664K, reserved 1048576K
}
Event: 69.646 GC heap after
{Heap after GC invocations=84 (full 3):
 PSYoungGen      total 12800K, used 192K [0x00000000d5580000, 0x00000000d6380000, 0x0000000100000000)
  eden space 12288K, 0% used [0x00000000d5580000,0x00000000d5580000,0x00000000d6180000)
  from space 512K, 37% used [0x00000000d6280000,0x00000000d62b0000,0x00000000d6300000)
  to   space 512K, 0% used [0x00000000d6300000,0x00000000d6300000,0x00000000d6380000)
 ParOldGen       total 68608K, used 63920K [0x0000000080000000, 0x0000000084300000, 0x00000000d5580000)
  object space 68608K, 93% used [0x0000000080000000,0x0000000083e6c030,0x0000000084300000)
 Metaspace       used 71617K, committed 73152K, reserved 1114112K
  class space    used 8968K, committed 9664K, reserved 1048576K
}
Event: 70.072 GC heap before
{Heap before GC invocations=85 (full 3):
 PSYoungGen      total 12800K, used 12480K [0x00000000d5580000, 0x00000000d6380000, 0x0000000100000000)
  eden space 12288K, 100% used [0x00000000d5580000,0x00000000d6180000,0x00000000d6180000)
  from space 512K, 37% used [0x00000000d6280000,0x00000000d62b0000,0x00000000d6300000)
  to   space 512K, 0% used [0x00000000d6300000,0x00000000d6300000,0x00000000d6380000)
 ParOldGen       total 68608K, used 63920K [0x0000000080000000, 0x0000000084300000, 0x00000000d5580000)
  object space 68608K, 93% used [0x0000000080000000,0x0000000083e6c030,0x0000000084300000)
 Metaspace       used 71620K, committed 73152K, reserved 1114112K
  class space    used 8968K, committed 9664K, reserved 1048576K
}
Event: 70.073 GC heap after
{Heap after GC invocations=85 (full 3):
 PSYoungGen      total 12800K, used 192K [0x00000000d5580000, 0x00000000d6380000, 0x0000000100000000)
  eden space 12288K, 0% used [0x00000000d5580000,0x00000000d5580000,0x00000000d6180000)
  from space 512K, 37% used [0x00000000d6300000,0x00000000d6330000,0x00000000d6380000)
  to   space 512K, 0% used [0x00000000d6280000,0x00000000d6280000,0x00000000d6300000)
 ParOldGen       total 68608K, used 64000K [0x0000000080000000, 0x0000000084300000, 0x00000000d5580000)
  object space 68608K, 93% used [0x0000000080000000,0x0000000083e80030,0x0000000084300000)
 Metaspace       used 71620K, committed 73152K, reserved 1114112K
  class space    used 8968K, committed 9664K, reserved 1048576K
}
Event: 70.321 GC heap before
{Heap before GC invocations=86 (full 3):
 PSYoungGen      total 12800K, used 12480K [0x00000000d5580000, 0x00000000d6380000, 0x0000000100000000)
  eden space 12288K, 100% used [0x00000000d5580000,0x00000000d6180000,0x00000000d6180000)
  from space 512K, 37% used [0x00000000d6300000,0x00000000d6330000,0x00000000d6380000)
  to   space 512K, 0% used [0x00000000d6280000,0x00000000d6280000,0x00000000d6300000)
 ParOldGen       total 68608K, used 64000K [0x0000000080000000, 0x0000000084300000, 0x00000000d5580000)
  object space 68608K, 93% used [0x0000000080000000,0x0000000083e80030,0x0000000084300000)
 Metaspace       used 71675K, committed 73216K, reserved 1114112K
  class space    used 8976K, committed 9664K, reserved 1048576K
}
Event: 70.323 GC heap after
{Heap after GC invocations=86 (full 3):
 PSYoungGen      total 12800K, used 512K [0x00000000d5580000, 0x00000000d6380000, 0x0000000100000000)
  eden space 12288K, 0% used [0x00000000d5580000,0x00000000d5580000,0x00000000d6180000)
  from space 512K, 100% used [0x00000000d6280000,0x00000000d6300000,0x00000000d6300000)
  to   space 512K, 0% used [0x00000000d6300000,0x00000000d6300000,0x00000000d6380000)
 ParOldGen       total 68608K, used 64184K [0x0000000080000000, 0x0000000084300000, 0x00000000d5580000)
  object space 68608K, 93% used [0x0000000080000000,0x0000000083eae070,0x0000000084300000)
 Metaspace       used 71675K, committed 73216K, reserved 1114112K
  class space    used 8976K, committed 9664K, reserved 1048576K
}
Event: 70.843 GC heap before
{Heap before GC invocations=87 (full 3):
 PSYoungGen      total 12800K, used 12800K [0x00000000d5580000, 0x00000000d6380000, 0x0000000100000000)
  eden space 12288K, 100% used [0x00000000d5580000,0x00000000d6180000,0x00000000d6180000)
  from space 512K, 100% used [0x00000000d6280000,0x00000000d6300000,0x00000000d6300000)
  to   space 512K, 0% used [0x00000000d6300000,0x00000000d6300000,0x00000000d6380000)
 ParOldGen       total 68608K, used 64184K [0x0000000080000000, 0x0000000084300000, 0x00000000d5580000)
  object space 68608K, 93% used [0x0000000080000000,0x0000000083eae070,0x0000000084300000)
 Metaspace       used 73314K, committed 74816K, reserved 1179648K
  class space    used 9125K, committed 9792K, reserved 1048576K
}
Event: 70.846 GC heap after
{Heap after GC invocations=87 (full 3):
 PSYoungGen      total 12800K, used 504K [0x00000000d5580000, 0x00000000d6480000, 0x0000000100000000)
  eden space 12288K, 0% used [0x00000000d5580000,0x00000000d5580000,0x00000000d6180000)
  from space 512K, 98% used [0x00000000d6300000,0x00000000d637e1a8,0x00000000d6380000)
  to   space 1536K, 0% used [0x00000000d6180000,0x00000000d6180000,0x00000000d6300000)
 ParOldGen       total 68608K, used 64892K [0x0000000080000000, 0x0000000084300000, 0x00000000d5580000)
  object space 68608K, 94% used [0x0000000080000000,0x0000000083f5f340,0x0000000084300000)
 Metaspace       used 73314K, committed 74816K, reserved 1179648K
  class space    used 9125K, committed 9792K, reserved 1048576K
}
Event: 71.088 GC heap before
{Heap before GC invocations=88 (full 3):
 PSYoungGen      total 12800K, used 12792K [0x00000000d5580000, 0x00000000d6480000, 0x0000000100000000)
  eden space 12288K, 100% used [0x00000000d5580000,0x00000000d6180000,0x00000000d6180000)
  from space 512K, 98% used [0x00000000d6300000,0x00000000d637e1a8,0x00000000d6380000)
  to   space 1536K, 0% used [0x00000000d6180000,0x00000000d6180000,0x00000000d6300000)
 ParOldGen       total 68608K, used 64892K [0x0000000080000000, 0x0000000084300000, 0x00000000d5580000)
  object space 68608K, 94% used [0x0000000080000000,0x0000000083f5f340,0x0000000084300000)
 Metaspace       used 74389K, committed 75968K, reserved 1179648K
  class space    used 9247K, committed 9920K, reserved 1048576K
}
Event: 71.092 GC heap after
{Heap after GC invocations=88 (full 3):
 PSYoungGen      total 13824K, used 1519K [0x00000000d5580000, 0x00000000d6c80000, 0x0000000100000000)
  eden space 12288K, 0% used [0x00000000d5580000,0x00000000d5580000,0x00000000d6180000)
  from space 1536K, 98% used [0x00000000d6180000,0x00000000d62fbd18,0x00000000d6300000)
  to   space 5632K, 0% used [0x00000000d6700000,0x00000000d6700000,0x00000000d6c80000)
 ParOldGen       total 68608K, used 68043K [0x0000000080000000, 0x0000000084300000, 0x00000000d5580000)
  object space 68608K, 99% used [0x0000000080000000,0x0000000084272d40,0x0000000084300000)
 Metaspace       used 74389K, committed 75968K, reserved 1179648K
  class space    used 9247K, committed 9920K, reserved 1048576K
}
Event: 313.167 GC heap before
{Heap before GC invocations=89 (full 3):
 PSYoungGen      total 13824K, used 13807K [0x00000000d5580000, 0x00000000d6c80000, 0x0000000100000000)
  eden space 12288K, 100% used [0x00000000d5580000,0x00000000d6180000,0x00000000d6180000)
  from space 1536K, 98% used [0x00000000d6180000,0x00000000d62fbd18,0x00000000d6300000)
  to   space 5632K, 0% used [0x00000000d6700000,0x00000000d6700000,0x00000000d6c80000)
 ParOldGen       total 68608K, used 68043K [0x0000000080000000, 0x0000000084300000, 0x00000000d5580000)
  object space 68608K, 99% used [0x0000000080000000,0x0000000084272d40,0x0000000084300000)
 Metaspace       used 75721K, committed 77376K, reserved 1179648K
  class space    used 9405K, committed 10112K, reserved 1048576K
}
Event: 313.206 GC heap after
{Heap after GC invocations=89 (full 3):
 PSYoungGen      total 13312K, used 640K [0x00000000d5580000, 0x00000000d6800000, 0x0000000100000000)
  eden space 12288K, 0% used [0x00000000d5580000,0x00000000d5580000,0x00000000d6180000)
  from space 1024K, 62% used [0x00000000d6700000,0x00000000d67a0020,0x00000000d6800000)
  to   space 2560K, 0% used [0x00000000d6300000,0x00000000d6300000,0x00000000d6580000)
 ParOldGen       total 68608K, used 68415K [0x0000000080000000, 0x0000000084300000, 0x00000000d5580000)
  object space 68608K, 99% used [0x0000000080000000,0x00000000842cffb0,0x0000000084300000)
 Metaspace       used 75721K, committed 77376K, reserved 1179648K
  class space    used 9405K, committed 10112K, reserved 1048576K
}
Event: 1125.708 GC heap before
{Heap before GC invocations=90 (full 3):
 PSYoungGen      total 13312K, used 12920K [0x00000000d5580000, 0x00000000d6800000, 0x0000000100000000)
  eden space 12288K, 99% used [0x00000000d5580000,0x00000000d617e0f0,0x00000000d6180000)
  from space 1024K, 62% used [0x00000000d6700000,0x00000000d67a0020,0x00000000d6800000)
  to   space 2560K, 0% used [0x00000000d6300000,0x00000000d6300000,0x00000000d6580000)
 ParOldGen       total 68608K, used 68415K [0x0000000080000000, 0x0000000084300000, 0x00000000d5580000)
  object space 68608K, 99% used [0x0000000080000000,0x00000000842cffb0,0x0000000084300000)
 Metaspace       used 76054K, committed 77696K, reserved 1179648K
  class space    used 9432K, committed 10112K, reserved 1048576K
}
Event: 1125.775 GC heap after
{Heap after GC invocations=90 (full 3):
 PSYoungGen      total 14848K, used 352K [0x00000000d5580000, 0x00000000d6780000, 0x0000000100000000)
  eden space 12288K, 0% used [0x00000000d5580000,0x00000000d5580000,0x00000000d6180000)
  from space 2560K, 13% used [0x00000000d6300000,0x00000000d6358000,0x00000000d6580000)
  to   space 1024K, 0% used [0x00000000d6680000,0x00000000d6680000,0x00000000d6780000)
 ParOldGen       total 69120K, used 68910K [0x0000000080000000, 0x0000000084380000, 0x00000000d5580000)
  object space 69120K, 99% used [0x0000000080000000,0x000000008434bb30,0x0000000084380000)
 Metaspace       used 76054K, committed 77696K, reserved 1179648K
  class space    used 9432K, committed 10112K, reserved 1048576K
}
Event: 1540.788 GC heap before
{Heap before GC invocations=91 (full 3):
 PSYoungGen      total 14848K, used 12640K [0x00000000d5580000, 0x00000000d6780000, 0x0000000100000000)
  eden space 12288K, 100% used [0x00000000d5580000,0x00000000d6180000,0x00000000d6180000)
  from space 2560K, 13% used [0x00000000d6300000,0x00000000d6358000,0x00000000d6580000)
  to   space 1024K, 0% used [0x00000000d6680000,0x00000000d6680000,0x00000000d6780000)
 ParOldGen       total 69120K, used 68910K [0x0000000080000000, 0x0000000084380000, 0x00000000d5580000)
  object space 69120K, 99% used [0x0000000080000000,0x000000008434bb30,0x0000000084380000)
 Metaspace       used 76255K, committed 77824K, reserved 1179648K
  class space    used 9446K, committed 10112K, reserved 1048576K
}
Event: 1540.825 GC heap after
{Heap after GC invocations=91 (full 3):
 PSYoungGen      total 12800K, used 320K [0x00000000d5580000, 0x00000000d6700000, 0x0000000100000000)
  eden space 12288K, 0% used [0x00000000d5580000,0x00000000d5580000,0x00000000d6180000)
  from space 512K, 62% used [0x00000000d6680000,0x00000000d66d0000,0x00000000d6700000)
  to   space 512K, 0% used [0x00000000d6600000,0x00000000d6600000,0x00000000d6680000)
 ParOldGen       total 69120K, used 69070K [0x0000000080000000, 0x0000000084380000, 0x00000000d5580000)
  object space 69120K, 99% used [0x0000000080000000,0x0000000084373b30,0x0000000084380000)
 Metaspace       used 76255K, committed 77824K, reserved 1179648K
  class space    used 9446K, committed 10112K, reserved 1048576K
}

